2023-02-16 18:00:52.956  INFO 16164 --- [main] lavalink.server.Launcher                 : Starting Launcher using Java 17.0.3.1 on GlycerinLOL-PC with PID 16164 (F:\coding program\Dejavu_Bot\Lavalink.jar started by brian in F:\coding program\Dejavu_Bot)
2023-02-16 18:00:52.960  INFO 16164 --- [main] lavalink.server.Launcher                 : No active profile set, falling back to 1 default profile: "default"
2023-02-16 18:00:53.580  INFO 16164 --- [main] lavalink.server.Launcher                 : Started Launcher in 1.072 seconds (JVM running for 1.526)
2023-02-16 18:00:53.583  INFO 16164 --- [main] lavalink.server.Launcher                 : You can safely ignore the big red warning about illegal reflection. See https://github.com/freyacodes/Lavalink/issues/295
2023-02-16 18:00:53.637  INFO 16164 --- [main] lavalink.server.Launcher                 : 

[32m       .  [31m _                  _ _       _    [32m__ _ _
[32m      /\\ [31m| | __ ___   ____ _| (_)_ __ | | __[32m\ \ \ \
[32m     ( ( )[31m| |/ _` \ \ / / _` | | | '_ \| |/ /[32m \ \ \ \
[32m      \\/ [31m| | (_| |\ V / (_| | | | | | |   < [32m  ) ) ) )
[32m       '  [31m|_|\__,_| \_/ \__,_|_|_|_| |_|_|\_\[32m / / / /
[0m    =========================================[32m/_/_/_/[0m

	Version:        3.7.4
	Build time:     02.02.2023 18:34:07 UTC
	Branch          HEAD
	Commit:         8ebaba1
	Commit time:    02.02.2023 18:32:05 UTC
	JVM:            17.0.3.1
	Lavaplayer      1.3.99.2-original

2023-02-16 18:00:53.646  INFO 16164 --- [main] lavalink.server.Launcher                 : No active profile set, falling back to 1 default profile: "default"
2023-02-16 18:00:54.347  WARN 16164 --- [main] io.undertow.websockets.jsr               : UT026010: Buffer pool was not set on WebSocketDeploymentInfo, the default pool will be used
2023-02-16 18:00:54.370  INFO 16164 --- [main] io.undertow.servlet                      : Initializing Spring embedded WebApplicationContext
2023-02-16 18:00:54.370  INFO 16164 --- [main] w.s.c.ServletWebServerApplicationContext : Root WebApplicationContext: initialization completed in 718 ms
2023-02-16 18:00:54.460  WARN 16164 --- [main] l.server.config.SentryConfiguration      : Turning off sentry
2023-02-16 18:00:54.656  INFO 16164 --- [main] c.s.d.l.tools.GarbageCollectionMonitor   : GC monitoring enabled, reporting results every 2 minutes.
2023-02-16 18:00:54.840  INFO 16164 --- [main] lavalink.server.config.KoeConfiguration  : OS: WINDOWS, Arch: X86_64
2023-02-16 18:00:54.841  INFO 16164 --- [main] lavalink.server.config.KoeConfiguration  : Enabling JDA-NAS
2023-02-16 18:00:54.844  INFO 16164 --- [main] c.s.l.c.natives.NativeLibraryLoader      : Native library udpqueue: loading with filter null
2023-02-16 18:00:54.852  INFO 16164 --- [main] c.s.l.c.natives.NativeLibraryLoader      : Native library udpqueue: successfully loaded.
2023-02-16 18:00:55.081  INFO 16164 --- [main] io.undertow                              : starting server: Undertow - 2.2.16.Final
2023-02-16 18:00:55.093  INFO 16164 --- [main] org.xnio                                 : XNIO version 3.8.6.Final
2023-02-16 18:00:55.104  INFO 16164 --- [main] org.xnio.nio                             : XNIO NIO Implementation Version 3.8.6.Final
2023-02-16 18:00:55.173  INFO 16164 --- [main] org.jboss.threads                        : JBoss Threads version 3.1.0.Final
2023-02-16 18:00:55.216  INFO 16164 --- [main] o.s.b.w.e.undertow.UndertowWebServer     : Undertow started on port(s) 2333 (http)
2023-02-16 18:00:55.221  INFO 16164 --- [main] lavalink.server.Launcher                 : Started Launcher in 1.633 seconds (JVM running for 3.168)
2023-02-16 18:00:55.222  INFO 16164 --- [main] lavalink.server.Launcher                 : Lavalink is ready to accept connections.
2023-02-16 20:41:24.743  INFO 16164 --- [SpringApplicationShutdownHook] io.undertow                              : stopping server: Undertow - 2.2.16.Final
2023-02-16 20:41:24.750  INFO 16164 --- [SpringApplicationShutdownHook] c.s.d.l.tools.GarbageCollectionMonitor   : GC monitoring disabled.
2023-02-16 20:41:35.533  INFO 13680 --- [main] lavalink.server.Launcher                 : Starting Launcher using Java 17.0.3.1 on GlycerinLOL-PC with PID 13680 (F:\coding program\Dejavu_Bot\Lavalink.jar started by brian in F:\coding program\Dejavu_Bot)
2023-02-16 20:41:35.537  INFO 13680 --- [main] lavalink.server.Launcher                 : No active profile set, falling back to 1 default profile: "default"
2023-02-16 20:41:36.148  INFO 13680 --- [main] lavalink.server.Launcher                 : Started Launcher in 1.061 seconds (JVM running for 1.428)
2023-02-16 20:41:36.151  INFO 13680 --- [main] lavalink.server.Launcher                 : You can safely ignore the big red warning about illegal reflection. See https://github.com/freyacodes/Lavalink/issues/295
2023-02-16 20:41:36.198  INFO 13680 --- [main] lavalink.server.Launcher                 : 

[32m       .  [31m _                  _ _       _    [32m__ _ _
[32m      /\\ [31m| | __ ___   ____ _| (_)_ __ | | __[32m\ \ \ \
[32m     ( ( )[31m| |/ _` \ \ / / _` | | | '_ \| |/ /[32m \ \ \ \
[32m      \\/ [31m| | (_| |\ V / (_| | | | | | |   < [32m  ) ) ) )
[32m       '  [31m|_|\__,_| \_/ \__,_|_|_|_| |_|_|\_\[32m / / / /
[0m    =========================================[32m/_/_/_/[0m

	Version:        3.7.4
	Build time:     02.02.2023 18:34:07 UTC
	Branch          HEAD
	Commit:         8ebaba1
	Commit time:    02.02.2023 18:32:05 UTC
	JVM:            17.0.3.1
	Lavaplayer      1.3.99.2-original

2023-02-16 20:41:36.208  INFO 13680 --- [main] lavalink.server.Launcher                 : No active profile set, falling back to 1 default profile: "default"
2023-02-16 20:41:36.875  WARN 13680 --- [main] io.undertow.websockets.jsr               : UT026010: Buffer pool was not set on WebSocketDeploymentInfo, the default pool will be used
2023-02-16 20:41:36.893  INFO 13680 --- [main] io.undertow.servlet                      : Initializing Spring embedded WebApplicationContext
2023-02-16 20:41:36.893  INFO 13680 --- [main] w.s.c.ServletWebServerApplicationContext : Root WebApplicationContext: initialization completed in 680 ms
2023-02-16 20:41:36.972  WARN 13680 --- [main] l.server.config.SentryConfiguration      : Turning off sentry
2023-02-16 20:41:37.115  INFO 13680 --- [main] c.s.d.l.tools.GarbageCollectionMonitor   : GC monitoring enabled, reporting results every 2 minutes.
2023-02-16 20:41:37.290  INFO 13680 --- [main] lavalink.server.config.KoeConfiguration  : OS: WINDOWS, Arch: X86_64
2023-02-16 20:41:37.290  INFO 13680 --- [main] lavalink.server.config.KoeConfiguration  : Enabling JDA-NAS
2023-02-16 20:41:37.294  INFO 13680 --- [main] c.s.l.c.natives.NativeLibraryLoader      : Native library udpqueue: loading with filter null
2023-02-16 20:41:37.301  INFO 13680 --- [main] c.s.l.c.natives.NativeLibraryLoader      : Native library udpqueue: successfully loaded.
2023-02-16 20:41:37.522  INFO 13680 --- [main] io.undertow                              : starting server: Undertow - 2.2.16.Final
2023-02-16 20:41:37.530  INFO 13680 --- [main] org.xnio                                 : XNIO version 3.8.6.Final
2023-02-16 20:41:37.541  INFO 13680 --- [main] org.xnio.nio                             : XNIO NIO Implementation Version 3.8.6.Final
2023-02-16 20:41:37.592  INFO 13680 --- [main] org.jboss.threads                        : JBoss Threads version 3.1.0.Final
2023-02-16 20:41:37.637  INFO 13680 --- [main] o.s.b.w.e.undertow.UndertowWebServer     : Undertow started on port(s) 2333 (http)
2023-02-16 20:41:37.643  INFO 13680 --- [main] lavalink.server.Launcher                 : Started Launcher in 1.487 seconds (JVM running for 2.923)
2023-02-16 20:41:37.644  INFO 13680 --- [main] lavalink.server.Launcher                 : Lavalink is ready to accept connections.
2023-02-16 20:42:49.891  INFO 13680 --- [SpringApplicationShutdownHook] io.undertow                              : stopping server: Undertow - 2.2.16.Final
2023-02-16 20:42:49.897  INFO 13680 --- [SpringApplicationShutdownHook] c.s.d.l.tools.GarbageCollectionMonitor   : GC monitoring disabled.
2023-02-16 20:42:57.434  INFO 22152 --- [main] lavalink.server.Launcher                 : Starting Launcher using Java 17.0.3.1 on GlycerinLOL-PC with PID 22152 (F:\coding program\Dejavu_Bot\Lavalink.jar started by brian in F:\coding program\Dejavu_Bot)
2023-02-16 20:42:57.438  INFO 22152 --- [main] lavalink.server.Launcher                 : No active profile set, falling back to 1 default profile: "default"
2023-02-16 20:42:58.033  INFO 22152 --- [main] lavalink.server.Launcher                 : Started Launcher in 1.061 seconds (JVM running for 1.439)
2023-02-16 20:42:58.035  INFO 22152 --- [main] lavalink.server.Launcher                 : You can safely ignore the big red warning about illegal reflection. See https://github.com/freyacodes/Lavalink/issues/295
2023-02-16 20:42:58.086  INFO 22152 --- [main] lavalink.server.Launcher                 : 

[32m       .  [31m _                  _ _       _    [32m__ _ _
[32m      /\\ [31m| | __ ___   ____ _| (_)_ __ | | __[32m\ \ \ \
[32m     ( ( )[31m| |/ _` \ \ / / _` | | | '_ \| |/ /[32m \ \ \ \
[32m      \\/ [31m| | (_| |\ V / (_| | | | | | |   < [32m  ) ) ) )
[32m       '  [31m|_|\__,_| \_/ \__,_|_|_|_| |_|_|\_\[32m / / / /
[0m    =========================================[32m/_/_/_/[0m

	Version:        3.7.4
	Build time:     02.02.2023 18:34:07 UTC
	Branch          HEAD
	Commit:         8ebaba1
	Commit time:    02.02.2023 18:32:05 UTC
	JVM:            17.0.3.1
	Lavaplayer      1.3.99.2-original

2023-02-16 20:42:58.095  INFO 22152 --- [main] lavalink.server.Launcher                 : No active profile set, falling back to 1 default profile: "default"
2023-02-16 20:42:58.818  WARN 22152 --- [main] io.undertow.websockets.jsr               : UT026010: Buffer pool was not set on WebSocketDeploymentInfo, the default pool will be used
2023-02-16 20:42:58.837  INFO 22152 --- [main] io.undertow.servlet                      : Initializing Spring embedded WebApplicationContext
2023-02-16 20:42:58.838  INFO 22152 --- [main] w.s.c.ServletWebServerApplicationContext : Root WebApplicationContext: initialization completed in 736 ms
2023-02-16 20:42:58.921  WARN 22152 --- [main] l.server.config.SentryConfiguration      : Turning off sentry
2023-02-16 20:42:59.066  INFO 22152 --- [main] c.s.d.l.tools.GarbageCollectionMonitor   : GC monitoring enabled, reporting results every 2 minutes.
2023-02-16 20:42:59.239  INFO 22152 --- [main] lavalink.server.config.KoeConfiguration  : OS: WINDOWS, Arch: X86_64
2023-02-16 20:42:59.239  INFO 22152 --- [main] lavalink.server.config.KoeConfiguration  : Enabling JDA-NAS
2023-02-16 20:42:59.244  INFO 22152 --- [main] c.s.l.c.natives.NativeLibraryLoader      : Native library udpqueue: loading with filter null
2023-02-16 20:42:59.251  INFO 22152 --- [main] c.s.l.c.natives.NativeLibraryLoader      : Native library udpqueue: successfully loaded.
2023-02-16 20:42:59.470  INFO 22152 --- [main] io.undertow                              : starting server: Undertow - 2.2.16.Final
2023-02-16 20:42:59.478  INFO 22152 --- [main] org.xnio                                 : XNIO version 3.8.6.Final
2023-02-16 20:42:59.487  INFO 22152 --- [main] org.xnio.nio                             : XNIO NIO Implementation Version 3.8.6.Final
2023-02-16 20:42:59.545  INFO 22152 --- [main] org.jboss.threads                        : JBoss Threads version 3.1.0.Final
2023-02-16 20:42:59.591  INFO 22152 --- [main] o.s.b.w.e.undertow.UndertowWebServer     : Undertow started on port(s) 2333 (http)
2023-02-16 20:42:59.595  INFO 22152 --- [main] lavalink.server.Launcher                 : Started Launcher in 1.554 seconds (JVM running for 3.002)
2023-02-16 20:42:59.596  INFO 22152 --- [main] lavalink.server.Launcher                 : Lavalink is ready to accept connections.
2023-02-16 20:43:18.997  INFO 22152 --- [XNIO-1 task-1] io.undertow.servlet                      : Initializing Spring DispatcherServlet 'dispatcherServlet'
2023-02-16 20:43:18.997  INFO 22152 --- [XNIO-1 task-1] o.s.web.servlet.DispatcherServlet        : Initializing Servlet 'dispatcherServlet'
2023-02-16 20:43:18.999  INFO 22152 --- [XNIO-1 task-1] o.s.web.servlet.DispatcherServlet        : Completed initialization in 1 ms
2023-02-16 20:43:19.014  INFO 22152 --- [XNIO-1 task-1] l.server.io.HandshakeInterceptorImpl     : Incoming connection from /127.0.0.1:6020
2023-02-16 20:43:19.030  INFO 22152 --- [XNIO-1 task-1] lavalink.server.io.RequestLoggingFilter  : GET /, client=127.0.0.1
2023-02-16 20:43:19.201  INFO 22152 --- [XNIO-1 task-1] lavalink.server.io.SocketServer          : Connection successfully established from WaveLink
2023-02-16 20:43:19.218  INFO 22152 --- [XNIO-1 I/O-1] lavalink.server.io.SocketServer          : {"op": "configureResuming", "key": "115f899c26d7e693", "timeout": 60}
2023-02-16 20:43:19.219  WARN 22152 --- [XNIO-1 I/O-1] lavalink.server.io.WebSocketHandler      : Sending websocket commands to Lavalink has been deprecated and will be removed in API version 4. API version 3 will be removed in Lavalink 5. Please use the new REST endpoints instead.
2023-02-16 21:26:37.508  INFO 22152 --- [XNIO-1 I/O-1] lavalink.server.io.SocketServer          : Connection closed from /127.0.0.1:6020 with status CloseStatus[code=1006, reason=] -- Session can be resumed within the next 60 seconds with key 115f899c26d7e693
2023-02-16 21:27:37.510  INFO 22152 --- [pool-2-thread-1] lavalink.server.io.SocketContext         : Shutting down 0 playing players.
